0 info it worked if it ends with ok
1 verbose cli [ 'node',
1 verbose cli   'C:\\Users\\Dejan\\AppData\\Roaming\\npm\\node_modules\\npm\\bin\\npm-cli.js',
1 verbose cli   'publish' ]
2 info using npm@2.9.1
3 info using node@v0.12.2
4 verbose publish [ '.' ]
5 silly cache add args [ '.', null ]
6 verbose cache add spec .
7 silly cache add parsed spec { raw: '.',
7 silly cache add   scope: null,
7 silly cache add   name: null,
7 silly cache add   rawSpec: '.',
7 silly cache add   spec: 'C:\\wamp\\www\\github-custom-border',
7 silly cache add   type: 'directory' }
8 verbose addLocalDirectory C:\Users\Dejan\AppData\Roaming\npm-cache\custom-border\1.0.3\package.tgz not in flight; packing
9 verbose tar pack [ 'C:\\Users\\Dejan\\AppData\\Roaming\\npm-cache\\custom-border\\1.0.3\\package.tgz',
9 verbose tar pack   'C:\\wamp\\www\\github-custom-border' ]
10 verbose tarball C:\Users\Dejan\AppData\Roaming\npm-cache\custom-border\1.0.3\package.tgz
11 verbose folder C:\wamp\www\github-custom-border
12 info prepublish custom-border@1.0.3
13 verbose addLocalTarball adding from inside cache C:\Users\Dejan\AppData\Roaming\npm-cache\custom-border\1.0.3\package.tgz
14 silly cache afterAdd custom-border@1.0.3
15 verbose afterAdd C:\Users\Dejan\AppData\Roaming\npm-cache\custom-border\1.0.3\package\package.json not in flight; writing
16 verbose afterAdd C:\Users\Dejan\AppData\Roaming\npm-cache\custom-border\1.0.3\package\package.json written
17 silly publish { name: 'custom-border',
17 silly publish   version: '1.0.3',
17 silly publish   description: 'add custom border to any div',
17 silly publish   main: 'jquery.custom-border.js',
17 silly publish   scripts: { test: 'echo "Error: no test specified" && exit 1' },
17 silly publish   repository:
17 silly publish    { type: 'git',
17 silly publish      url: 'git+https://dtasic@github.com/dtasic/custom-border.git' },
17 silly publish   keywords: [ 'custom', 'border' ],
17 silly publish   author: { name: 'Dejan Tasic' },
17 silly publish   license: 'MIT',
17 silly publish   bugs: { url: 'https://github.com/dtasic/custom-border/issues' },
17 silly publish   homepage: 'https://github.com/dtasic/custom-border#readme',
17 silly publish   readme: '# custom-border.js #\n\nSmall Jquery plugin to add custom border with image pattern to any div.\n\n### What is this repository for? ###\n\n* Small Jquery plugin to add custom border with image pattern to any div.\n* 1.0\n\n### How do I get set up? ###\n\n* add jquery.custom-border.js to your page\n* usage: $("#your-element").customBorder();\n* Dependencies: jquery 1.6.4 or higher.\n\n### Properties ###\n\n* borderSize (default: \'5px\') // width of custom border\n* borderBgImg (default: \'\') // image filename with relative image path (\'path/to/file/example.png\')\n* borderColor (default: \'\') // solid background color, just in case you need it\n* backgroundColor (default: inherit from element. If none or transparent it will be changed to \'#FFF\') // change background color of element\n* innerPadding (default: \'\') // change padding of element\n\nexample of options:\n\n```\n$("#your-element").customBorder({\n    borderSize: \'5px\',\n    borderBgImg: \'\',\n    borderColor: \'\',\n    backgroundColor: \'\',\n    innerPadding: \'\'\n});\n\n```\n\n### Demo ###\n\nsoon\n\n### Who do I talk to? ###\n\n* dtasic@gmail.com\n',
17 silly publish   readmeFilename: 'readme.md',
17 silly publish   gitHead: '9c084f807c6acb384f16732239a7ad2c0e7f8887',
17 silly publish   _id: 'custom-border@1.0.3',
17 silly publish   _shasum: '2979a34e665eaadc02a6c50e09d9d7377400d37d',
17 silly publish   _from: '.' }
18 verbose getPublishConfig undefined
19 silly mapToRegistry name custom-border
20 silly mapToRegistry using default registry
21 silly mapToRegistry registry https://registry.npmjs.org/
22 silly mapToRegistry uri https://registry.npmjs.org/custom-border
23 verbose publish registryBase https://registry.npmjs.org/
24 silly publish uploading C:\Users\Dejan\AppData\Roaming\npm-cache\custom-border\1.0.3\package.tgz
25 verbose request uri https://registry.npmjs.org/custom-border
26 verbose request sending authorization for write operation
27 info attempt registry request try #1 at 3:42:04 AM
28 verbose request using bearer token for auth
29 verbose request id a64831dedb4848fa
30 http request PUT https://registry.npmjs.org/custom-border
31 http 403 https://registry.npmjs.org/custom-border
32 verbose headers { 'content-type': 'application/json',
32 verbose headers   'cache-control': 'max-age=60',
32 verbose headers   'content-length': '95',
32 verbose headers   'accept-ranges': 'bytes',
32 verbose headers   date: 'Fri, 10 Jul 2015 01:42:11 GMT',
32 verbose headers   via: '1.1 varnish',
32 verbose headers   connection: 'keep-alive',
32 verbose headers   'x-served-by': 'cache-lhr6323-LHR',
32 verbose headers   'x-cache': 'MISS',
32 verbose headers   'x-cache-hits': '0',
32 verbose headers   'x-timer': 'S1436492530.577985,VS0,VE934' }
33 verbose request invalidating C:\Users\Dejan\AppData\Roaming\npm-cache\registry.npmjs.org\custom-border on PUT
34 error publish Failed PUT 403
35 verbose stack Error: "You cannot publish over the previously published version 1.0.3." : custom-border
35 verbose stack     at CachingRegistryClient.<anonymous> (C:\Users\Dejan\AppData\Roaming\npm\node_modules\npm\node_modules\npm-registry-client\lib\request.js:247:14)
35 verbose stack     at Request._callback (C:\Users\Dejan\AppData\Roaming\npm\node_modules\npm\node_modules\npm-registry-client\lib\request.js:170:14)
35 verbose stack     at Request.self.callback (C:\Users\Dejan\AppData\Roaming\npm\node_modules\npm\node_modules\request\request.js:368:22)
35 verbose stack     at Request.emit (events.js:110:17)
35 verbose stack     at Request.<anonymous> (C:\Users\Dejan\AppData\Roaming\npm\node_modules\npm\node_modules\request\request.js:1219:14)
35 verbose stack     at Request.emit (events.js:129:20)
35 verbose stack     at IncomingMessage.<anonymous> (C:\Users\Dejan\AppData\Roaming\npm\node_modules\npm\node_modules\request\request.js:1167:12)
35 verbose stack     at IncomingMessage.emit (events.js:129:20)
35 verbose stack     at _stream_readable.js:908:16
35 verbose stack     at process._tickCallback (node.js:355:11)
36 verbose statusCode 403
37 verbose pkgid custom-border
38 verbose cwd C:\wamp\www\github-custom-border
39 error Windows_NT 6.1.7601
40 error argv "node" "C:\\Users\\Dejan\\AppData\\Roaming\\npm\\node_modules\\npm\\bin\\npm-cli.js" "publish"
41 error node v0.12.2
42 error npm  v2.9.1
43 error code E403
44 error "You cannot publish over the previously published version 1.0.3." : custom-border
45 error If you need help, you may report this error at:
45 error     <https://github.com/npm/npm/issues>
46 verbose exit [ 1, true ]
